{
  "/Users/murat/react-hooks-in-action/src/utils/date-wrangler.js": {
    "path": "/Users/murat/react-hooks-in-action/src/utils/date-wrangler.js",
    "statementMap": {
      "0": {
        "start": {
          "line": 3,
          "column": 23
        },
        "end": {
          "line": 3,
          "column": 80
        }
      },
      "1": {
        "start": {
          "line": 3,
          "column": 44
        },
        "end": {
          "line": 3,
          "column": 80
        }
      },
      "2": {
        "start": {
          "line": 7,
          "column": 15
        },
        "end": {
          "line": 7,
          "column": 43
        }
      },
      "3": {
        "start": {
          "line": 8,
          "column": 14
        },
        "end": {
          "line": 8,
          "column": 27
        }
      },
      "4": {
        "start": {
          "line": 10,
          "column": 2
        },
        "end": {
          "line": 14,
          "column": 3
        }
      },
      "5": {
        "start": {
          "line": 18,
          "column": 2
        },
        "end": {
          "line": 18,
          "column": 41
        }
      },
      "6": {
        "start": {
          "line": 21,
          "column": 22
        },
        "end": {
          "line": 21,
          "column": 56
        }
      },
      "7": {
        "start": {
          "line": 21,
          "column": 32
        },
        "end": {
          "line": 21,
          "column": 56
        }
      }
    },
    "fnMap": {
      "0": {
        "name": "(anonymous_0)",
        "decl": {
          "start": {
            "line": 3,
            "column": 23
          },
          "end": {
            "line": 3,
            "column": 24
          }
        },
        "loc": {
          "start": {
            "line": 3,
            "column": 44
          },
          "end": {
            "line": 3,
            "column": 80
          }
        },
        "line": 3
      },
      "1": {
        "name": "getWeek",
        "decl": {
          "start": {
            "line": 6,
            "column": 16
          },
          "end": {
            "line": 6,
            "column": 23
          }
        },
        "loc": {
          "start": {
            "line": 6,
            "column": 49
          },
          "end": {
            "line": 15,
            "column": 1
          }
        },
        "line": 6
      },
      "2": {
        "name": "shortISO",
        "decl": {
          "start": {
            "line": 17,
            "column": 16
          },
          "end": {
            "line": 17,
            "column": 24
          }
        },
        "loc": {
          "start": {
            "line": 17,
            "column": 31
          },
          "end": {
            "line": 19,
            "column": 1
          }
        },
        "line": 17
      },
      "3": {
        "name": "(anonymous_3)",
        "decl": {
          "start": {
            "line": 21,
            "column": 22
          },
          "end": {
            "line": 21,
            "column": 23
          }
        },
        "loc": {
          "start": {
            "line": 21,
            "column": 32
          },
          "end": {
            "line": 21,
            "column": 56
          }
        },
        "line": 21
      }
    },
    "branchMap": {
      "0": {
        "loc": {
          "start": {
            "line": 6,
            "column": 33
          },
          "end": {
            "line": 6,
            "column": 47
          }
        },
        "type": "default-arg",
        "locations": [
          {
            "start": {
              "line": 6,
              "column": 46
            },
            "end": {
              "line": 6,
              "column": 47
            }
          }
        ],
        "line": 6
      }
    },
    "s": {
      "0": 20,
      "1": 60,
      "2": 12,
      "3": 12,
      "4": 12,
      "5": 66,
      "6": 20,
      "7": 15
    },
    "f": {
      "0": 60,
      "1": 12,
      "2": 66,
      "3": 15
    },
    "b": {
      "0": [
        12
      ]
    },
    "_coverageSchema": "1a1c01bbd47fc00a2c39e90264f33305004495a9",
    "hash": "704bfcfb135d10f94effa631c162dde8e325bb09"
  },
  "/Users/murat/react-hooks-in-action/src/utils/api.js": {
    "path": "/Users/murat/react-hooks-in-action/src/utils/api.js",
    "statementMap": {
      "0": {
        "start": {
          "line": 4,
          "column": 2
        },
        "end": {
          "line": 10,
          "column": 4
        }
      },
      "1": {
        "start": {
          "line": 5,
          "column": 4
        },
        "end": {
          "line": 7,
          "column": 5
        }
      },
      "2": {
        "start": {
          "line": 6,
          "column": 6
        },
        "end": {
          "line": 6,
          "column": 55
        }
      },
      "3": {
        "start": {
          "line": 9,
          "column": 4
        },
        "end": {
          "line": 9,
          "column": 22
        }
      },
      "4": {
        "start": {
          "line": 14,
          "column": 16
        },
        "end": {
          "line": 14,
          "column": 35
        }
      },
      "5": {
        "start": {
          "line": 15,
          "column": 14
        },
        "end": {
          "line": 15,
          "column": 31
        }
      },
      "6": {
        "start": {
          "line": 17,
          "column": 18
        },
        "end": {
          "line": 17,
          "column": 50
        }
      },
      "7": {
        "start": {
          "line": 20,
          "column": 4
        },
        "end": {
          "line": 20,
          "column": 69
        }
      },
      "8": {
        "start": {
          "line": 22,
          "column": 2
        },
        "end": {
          "line": 22,
          "column": 39
        }
      },
      "9": {
        "start": {
          "line": 25,
          "column": 16
        },
        "end": {
          "line": 35,
          "column": 4
        }
      },
      "10": {
        "start": {
          "line": 26,
          "column": 2
        },
        "end": {
          "line": 35,
          "column": 4
        }
      },
      "11": {
        "start": {
          "line": 31,
          "column": 4
        },
        "end": {
          "line": 33,
          "column": 5
        }
      },
      "12": {
        "start": {
          "line": 32,
          "column": 6
        },
        "end": {
          "line": 32,
          "column": 63
        }
      },
      "13": {
        "start": {
          "line": 34,
          "column": 4
        },
        "end": {
          "line": 34,
          "column": 19
        }
      },
      "14": {
        "start": {
          "line": 38,
          "column": 2
        },
        "end": {
          "line": 38,
          "column": 35
        }
      },
      "15": {
        "start": {
          "line": 42,
          "column": 2
        },
        "end": {
          "line": 42,
          "column": 34
        }
      },
      "16": {
        "start": {
          "line": 46,
          "column": 2
        },
        "end": {
          "line": 46,
          "column": 31
        }
      }
    },
    "fnMap": {
      "0": {
        "name": "getData",
        "decl": {
          "start": {
            "line": 3,
            "column": 24
          },
          "end": {
            "line": 3,
            "column": 31
          }
        },
        "loc": {
          "start": {
            "line": 3,
            "column": 37
          },
          "end": {
            "line": 11,
            "column": 1
          }
        },
        "line": 3
      },
      "1": {
        "name": "(anonymous_1)",
        "decl": {
          "start": {
            "line": 4,
            "column": 25
          },
          "end": {
            "line": 4,
            "column": 26
          }
        },
        "loc": {
          "start": {
            "line": 4,
            "column": 35
          },
          "end": {
            "line": 10,
            "column": 3
          }
        },
        "line": 4
      },
      "2": {
        "name": "getBookings",
        "decl": {
          "start": {
            "line": 13,
            "column": 16
          },
          "end": {
            "line": 13,
            "column": 27
          }
        },
        "loc": {
          "start": {
            "line": 13,
            "column": 60
          },
          "end": {
            "line": 23,
            "column": 1
          }
        },
        "line": 13
      },
      "3": {
        "name": "(anonymous_3)",
        "decl": {
          "start": {
            "line": 25,
            "column": 16
          },
          "end": {
            "line": 25,
            "column": 17
          }
        },
        "loc": {
          "start": {
            "line": 26,
            "column": 2
          },
          "end": {
            "line": 35,
            "column": 4
          }
        },
        "line": 26
      },
      "4": {
        "name": "(anonymous_4)",
        "decl": {
          "start": {
            "line": 30,
            "column": 10
          },
          "end": {
            "line": 30,
            "column": 11
          }
        },
        "loc": {
          "start": {
            "line": 30,
            "column": 17
          },
          "end": {
            "line": 35,
            "column": 3
          }
        },
        "line": 30
      },
      "5": {
        "name": "createItem",
        "decl": {
          "start": {
            "line": 37,
            "column": 16
          },
          "end": {
            "line": 37,
            "column": 26
          }
        },
        "loc": {
          "start": {
            "line": 37,
            "column": 38
          },
          "end": {
            "line": 39,
            "column": 1
          }
        },
        "line": 37
      },
      "6": {
        "name": "editItem",
        "decl": {
          "start": {
            "line": 41,
            "column": 16
          },
          "end": {
            "line": 41,
            "column": 24
          }
        },
        "loc": {
          "start": {
            "line": 41,
            "column": 36
          },
          "end": {
            "line": 43,
            "column": 1
          }
        },
        "line": 41
      },
      "7": {
        "name": "deleteItem",
        "decl": {
          "start": {
            "line": 45,
            "column": 16
          },
          "end": {
            "line": 45,
            "column": 26
          }
        },
        "loc": {
          "start": {
            "line": 45,
            "column": 32
          },
          "end": {
            "line": 47,
            "column": 1
          }
        },
        "line": 45
      }
    },
    "branchMap": {
      "0": {
        "loc": {
          "start": {
            "line": 5,
            "column": 4
          },
          "end": {
            "line": 7,
            "column": 5
          }
        },
        "type": "if",
        "locations": [
          {
            "start": {
              "line": 5,
              "column": 4
            },
            "end": {
              "line": 7,
              "column": 5
            }
          },
          {
            "start": {
              "line": 5,
              "column": 4
            },
            "end": {
              "line": 7,
              "column": 5
            }
          }
        ],
        "line": 5
      },
      "1": {
        "loc": {
          "start": {
            "line": 29,
            "column": 10
          },
          "end": {
            "line": 29,
            "column": 44
          }
        },
        "type": "cond-expr",
        "locations": [
          {
            "start": {
              "line": 29,
              "column": 17
            },
            "end": {
              "line": 29,
              "column": 37
            }
          },
          {
            "start": {
              "line": 29,
              "column": 40
            },
            "end": {
              "line": 29,
              "column": 44
            }
          }
        ],
        "line": 29
      },
      "2": {
        "loc": {
          "start": {
            "line": 31,
            "column": 4
          },
          "end": {
            "line": 33,
            "column": 5
          }
        },
        "type": "if",
        "locations": [
          {
            "start": {
              "line": 31,
              "column": 4
            },
            "end": {
              "line": 33,
              "column": 5
            }
          },
          {
            "start": {
              "line": 31,
              "column": 4
            },
            "end": {
              "line": 33,
              "column": 5
            }
          }
        ],
        "line": 31
      }
    },
    "s": {
      "0": 57,
      "1": 54,
      "2": 0,
      "3": 54,
      "4": 0,
      "5": 0,
      "6": 0,
      "7": 0,
      "8": 0,
      "9": 20,
      "10": 3,
      "11": 3,
      "12": 0,
      "13": 3,
      "14": 1,
      "15": 1,
      "16": 1
    },
    "f": {
      "0": 57,
      "1": 54,
      "2": 0,
      "3": 3,
      "4": 3,
      "5": 1,
      "6": 1,
      "7": 1
    },
    "b": {
      "0": [
        0,
        54
      ],
      "1": [
        2,
        1
      ],
      "2": [
        0,
        3
      ]
    },
    "_coverageSchema": "1a1c01bbd47fc00a2c39e90264f33305004495a9",
    "hash": "d2c325a2a7bd5305c1d88df3c9043438d8b5bbdd"
  },
  "/Users/murat/react-hooks-in-action/src/components/UI/Spinner.js": {
    "path": "/Users/murat/react-hooks-in-action/src/components/UI/Spinner.js",
    "statementMap": {
      "0": {
        "start": {
          "line": 4,
          "column": 2
        },
        "end": {
          "line": 8,
          "column": 3
        }
      }
    },
    "fnMap": {
      "0": {
        "name": "Spinner",
        "decl": {
          "start": {
            "line": 3,
            "column": 24
          },
          "end": {
            "line": 3,
            "column": 31
          }
        },
        "loc": {
          "start": {
            "line": 3,
            "column": 39
          },
          "end": {
            "line": 9,
            "column": 1
          }
        },
        "line": 3
      }
    },
    "branchMap": {},
    "s": {
      "0": 75
    },
    "f": {
      "0": 75
    },
    "b": {},
    "_coverageSchema": "1a1c01bbd47fc00a2c39e90264f33305004495a9",
    "hash": "38ec4e0a1a67b9541fd786da7f5425dffb8cd3f1"
  },
  "/Users/murat/react-hooks-in-action/src/components/Users/UserPicker.js": {
    "path": "/Users/murat/react-hooks-in-action/src/components/Users/UserPicker.js",
    "statementMap": {
      "0": {
        "start": {
          "line": 23,
          "column": 6
        },
        "end": {
          "line": 23,
          "column": 69
        }
      },
      "1": {
        "start": {
          "line": 23,
          "column": 30
        },
        "end": {
          "line": 23,
          "column": 68
        }
      },
      "2": {
        "start": {
          "line": 42,
          "column": 2
        },
        "end": {
          "line": 44,
          "column": 22
        }
      },
      "3": {
        "start": {
          "line": 43,
          "column": 4
        },
        "end": {
          "line": 43,
          "column": 21
        }
      },
      "4": {
        "start": {
          "line": 60,
          "column": 23
        },
        "end": {
          "line": 60,
          "column": 51
        }
      },
      "5": {
        "start": {
          "line": 61,
          "column": 25
        },
        "end": {
          "line": 61,
          "column": 63
        }
      },
      "6": {
        "start": {
          "line": 61,
          "column": 43
        },
        "end": {
          "line": 61,
          "column": 62
        }
      },
      "7": {
        "start": {
          "line": 63,
          "column": 4
        },
        "end": {
          "line": 63,
          "column": 32
        }
      },
      "8": {
        "start": {
          "line": 67,
          "column": 2
        },
        "end": {
          "line": 69,
          "column": 3
        }
      },
      "9": {
        "start": {
          "line": 68,
          "column": 4
        },
        "end": {
          "line": 68,
          "column": 49
        }
      },
      "10": {
        "start": {
          "line": 71,
          "column": 2
        },
        "end": {
          "line": 73,
          "column": 3
        }
      },
      "11": {
        "start": {
          "line": 72,
          "column": 4
        },
        "end": {
          "line": 72,
          "column": 22
        }
      },
      "12": {
        "start": {
          "line": 75,
          "column": 2
        },
        "end": {
          "line": 83,
          "column": 3
        }
      },
      "13": {
        "start": {
          "line": 78,
          "column": 8
        },
        "end": {
          "line": 80,
          "column": 17
        }
      }
    },
    "fnMap": {
      "0": {
        "name": "UserPicker",
        "decl": {
          "start": {
            "line": 7,
            "column": 24
          },
          "end": {
            "line": 7,
            "column": 34
          }
        },
        "loc": {
          "start": {
            "line": 7,
            "column": 54
          },
          "end": {
            "line": 84,
            "column": 1
          }
        },
        "line": 7
      },
      "1": {
        "name": "(anonymous_1)",
        "decl": {
          "start": {
            "line": 23,
            "column": 24
          },
          "end": {
            "line": 23,
            "column": 25
          }
        },
        "loc": {
          "start": {
            "line": 23,
            "column": 30
          },
          "end": {
            "line": 23,
            "column": 68
          }
        },
        "line": 23
      },
      "2": {
        "name": "(anonymous_2)",
        "decl": {
          "start": {
            "line": 42,
            "column": 12
          },
          "end": {
            "line": 42,
            "column": 13
          }
        },
        "loc": {
          "start": {
            "line": 42,
            "column": 18
          },
          "end": {
            "line": 44,
            "column": 3
          }
        },
        "line": 42
      },
      "3": {
        "name": "handleSelect",
        "decl": {
          "start": {
            "line": 59,
            "column": 11
          },
          "end": {
            "line": 59,
            "column": 23
          }
        },
        "loc": {
          "start": {
            "line": 59,
            "column": 27
          },
          "end": {
            "line": 64,
            "column": 3
          }
        },
        "line": 59
      },
      "4": {
        "name": "(anonymous_4)",
        "decl": {
          "start": {
            "line": 61,
            "column": 36
          },
          "end": {
            "line": 61,
            "column": 37
          }
        },
        "loc": {
          "start": {
            "line": 61,
            "column": 43
          },
          "end": {
            "line": 61,
            "column": 62
          }
        },
        "line": 61
      },
      "5": {
        "name": "(anonymous_5)",
        "decl": {
          "start": {
            "line": 77,
            "column": 17
          },
          "end": {
            "line": 77,
            "column": 18
          }
        },
        "loc": {
          "start": {
            "line": 78,
            "column": 8
          },
          "end": {
            "line": 80,
            "column": 17
          }
        },
        "line": 78
      }
    },
    "branchMap": {
      "0": {
        "loc": {
          "start": {
            "line": 20,
            "column": 10
          },
          "end": {
            "line": 20,
            "column": 20
          }
        },
        "type": "default-arg",
        "locations": [
          {
            "start": {
              "line": 20,
              "column": 18
            },
            "end": {
              "line": 20,
              "column": 20
            }
          }
        ],
        "line": 20
      },
      "1": {
        "loc": {
          "start": {
            "line": 67,
            "column": 2
          },
          "end": {
            "line": 69,
            "column": 3
          }
        },
        "type": "if",
        "locations": [
          {
            "start": {
              "line": 67,
              "column": 2
            },
            "end": {
              "line": 69,
              "column": 3
            }
          },
          {
            "start": {
              "line": 67,
              "column": 2
            },
            "end": {
              "line": 69,
              "column": 3
            }
          }
        ],
        "line": 67
      },
      "2": {
        "loc": {
          "start": {
            "line": 71,
            "column": 2
          },
          "end": {
            "line": 73,
            "column": 3
          }
        },
        "type": "if",
        "locations": [
          {
            "start": {
              "line": 71,
              "column": 2
            },
            "end": {
              "line": 73,
              "column": 3
            }
          },
          {
            "start": {
              "line": 71,
              "column": 2
            },
            "end": {
              "line": 73,
              "column": 3
            }
          }
        ],
        "line": 71
      }
    },
    "s": {
      "0": 82,
      "1": 31,
      "2": 82,
      "3": 40,
      "4": 1,
      "5": 1,
      "6": 4,
      "7": 1,
      "8": 82,
      "9": 0,
      "10": 82,
      "11": 20,
      "12": 62,
      "13": 248
    },
    "f": {
      "0": 82,
      "1": 31,
      "2": 40,
      "3": 1,
      "4": 4,
      "5": 248
    },
    "b": {
      "0": [
        20
      ],
      "1": [
        0,
        82
      ],
      "2": [
        20,
        62
      ]
    },
    "_coverageSchema": "1a1c01bbd47fc00a2c39e90264f33305004495a9",
    "hash": "9a428f2a84fd411b6cc7137541e48a51ff7a8a01"
  },
  "/Users/murat/react-hooks-in-action/src/components/UI/PageSpinner.js": {
    "path": "/Users/murat/react-hooks-in-action/src/components/UI/PageSpinner.js",
    "statementMap": {
      "0": {
        "start": {
          "line": 4,
          "column": 2
        },
        "end": {
          "line": 8,
          "column": 3
        }
      }
    },
    "fnMap": {
      "0": {
        "name": "PageSpinner",
        "decl": {
          "start": {
            "line": 3,
            "column": 24
          },
          "end": {
            "line": 3,
            "column": 35
          }
        },
        "loc": {
          "start": {
            "line": 3,
            "column": 38
          },
          "end": {
            "line": 9,
            "column": 1
          }
        },
        "line": 3
      }
    },
    "branchMap": {},
    "s": {
      "0": 52
    },
    "f": {
      "0": 52
    },
    "b": {},
    "_coverageSchema": "1a1c01bbd47fc00a2c39e90264f33305004495a9",
    "hash": "f758ffba42ed6cb6da577bdfdc633ce9be1974e7"
  },
  "/Users/murat/react-hooks-in-action/src/components/UI/ErrorComp.js": {
    "path": "/Users/murat/react-hooks-in-action/src/components/UI/ErrorComp.js",
    "statementMap": {
      "0": {
        "start": {
          "line": 2,
          "column": 2
        },
        "end": {
          "line": 7,
          "column": 3
        }
      }
    },
    "fnMap": {
      "0": {
        "name": "ErrorComp",
        "decl": {
          "start": {
            "line": 1,
            "column": 24
          },
          "end": {
            "line": 1,
            "column": 33
          }
        },
        "loc": {
          "start": {
            "line": 1,
            "column": 36
          },
          "end": {
            "line": 8,
            "column": 1
          }
        },
        "line": 1
      }
    },
    "branchMap": {},
    "s": {
      "0": 0
    },
    "f": {
      "0": 0
    },
    "b": {},
    "_coverageSchema": "1a1c01bbd47fc00a2c39e90264f33305004495a9",
    "hash": "d4f1e9f96f32491fb8af5f2be0478f2128a2d3dd"
  },
  "/Users/murat/react-hooks-in-action/src/components/Users/UserContext.js": {
    "path": "/Users/murat/react-hooks-in-action/src/components/Users/UserContext.js",
    "statementMap": {
      "0": {
        "start": {
          "line": 7,
          "column": 20
        },
        "end": {
          "line": 7,
          "column": 35
        }
      },
      "1": {
        "start": {
          "line": 11,
          "column": 23
        },
        "end": {
          "line": 11,
          "column": 38
        }
      },
      "2": {
        "start": {
          "line": 16,
          "column": 15
        },
        "end": {
          "line": 16,
          "column": 38
        }
      },
      "3": {
        "start": {
          "line": 17,
          "column": 18
        },
        "end": {
          "line": 17,
          "column": 44
        }
      },
      "4": {
        "start": {
          "line": 19,
          "column": 2
        },
        "end": {
          "line": 19,
          "column": 24
        }
      }
    },
    "fnMap": {
      "0": {
        "name": "useUser",
        "decl": {
          "start": {
            "line": 15,
            "column": 16
          },
          "end": {
            "line": 15,
            "column": 23
          }
        },
        "loc": {
          "start": {
            "line": 15,
            "column": 26
          },
          "end": {
            "line": 20,
            "column": 1
          }
        },
        "line": 15
      }
    },
    "branchMap": {},
    "s": {
      "0": 20,
      "1": 20,
      "2": 8,
      "3": 8,
      "4": 8
    },
    "f": {
      "0": 8
    },
    "b": {},
    "_coverageSchema": "1a1c01bbd47fc00a2c39e90264f33305004495a9",
    "hash": "bfa30dc6ab78cdfdb953f5fc42266552e6739467"
  },
  "/Users/murat/react-hooks-in-action/src/components/App.js": {
    "path": "/Users/murat/react-hooks-in-action/src/components/App.js",
    "statementMap": {
      "0": {
        "start": {
          "line": 20,
          "column": 20
        },
        "end": {
          "line": 20,
          "column": 37
        }
      },
      "1": {
        "start": {
          "line": 27,
          "column": 22
        },
        "end": {
          "line": 27,
          "column": 69
        }
      },
      "2": {
        "start": {
          "line": 27,
          "column": 33
        },
        "end": {
          "line": 27,
          "column": 68
        }
      },
      "3": {
        "start": {
          "line": 28,
          "column": 21
        },
        "end": {
          "line": 28,
          "column": 66
        }
      },
      "4": {
        "start": {
          "line": 28,
          "column": 32
        },
        "end": {
          "line": 28,
          "column": 65
        }
      },
      "5": {
        "start": {
          "line": 29,
          "column": 18
        },
        "end": {
          "line": 29,
          "column": 57
        }
      },
      "6": {
        "start": {
          "line": 29,
          "column": 29
        },
        "end": {
          "line": 29,
          "column": 56
        }
      },
      "7": {
        "start": {
          "line": 33,
          "column": 26
        },
        "end": {
          "line": 33,
          "column": 36
        }
      },
      "8": {
        "start": {
          "line": 45,
          "column": 2
        },
        "end": {
          "line": 99,
          "column": 3
        }
      }
    },
    "fnMap": {
      "0": {
        "name": "(anonymous_0)",
        "decl": {
          "start": {
            "line": 27,
            "column": 27
          },
          "end": {
            "line": 27,
            "column": 28
          }
        },
        "loc": {
          "start": {
            "line": 27,
            "column": 33
          },
          "end": {
            "line": 27,
            "column": 68
          }
        },
        "line": 27
      },
      "1": {
        "name": "(anonymous_1)",
        "decl": {
          "start": {
            "line": 28,
            "column": 26
          },
          "end": {
            "line": 28,
            "column": 27
          }
        },
        "loc": {
          "start": {
            "line": 28,
            "column": 32
          },
          "end": {
            "line": 28,
            "column": 65
          }
        },
        "line": 28
      },
      "2": {
        "name": "(anonymous_2)",
        "decl": {
          "start": {
            "line": 29,
            "column": 23
          },
          "end": {
            "line": 29,
            "column": 24
          }
        },
        "loc": {
          "start": {
            "line": 29,
            "column": 29
          },
          "end": {
            "line": 29,
            "column": 56
          }
        },
        "line": 29
      },
      "3": {
        "name": "App",
        "decl": {
          "start": {
            "line": 31,
            "column": 24
          },
          "end": {
            "line": 31,
            "column": 27
          }
        },
        "loc": {
          "start": {
            "line": 31,
            "column": 30
          },
          "end": {
            "line": 100,
            "column": 1
          }
        },
        "line": 31
      }
    },
    "branchMap": {},
    "s": {
      "0": 20,
      "1": 20,
      "2": 18,
      "3": 20,
      "4": 3,
      "5": 20,
      "6": 2,
      "7": 41,
      "8": 41
    },
    "f": {
      "0": 18,
      "1": 3,
      "2": 2,
      "3": 41
    },
    "b": {},
    "_coverageSchema": "1a1c01bbd47fc00a2c39e90264f33305004495a9",
    "hash": "adbd958d7b3142cdbc9f7362fe07b37d05522518"
  },
  "/Users/murat/react-hooks-in-action/src/index.js": {
    "path": "/Users/murat/react-hooks-in-action/src/index.js",
    "statementMap": {
      "0": {
        "start": {
          "line": 4,
          "column": 0
        },
        "end": {
          "line": 4,
          "column": 58
        }
      }
    },
    "fnMap": {},
    "branchMap": {},
    "s": {
      "0": 20
    },
    "f": {},
    "b": {},
    "_coverageSchema": "1a1c01bbd47fc00a2c39e90264f33305004495a9",
    "hash": "ef04aa90d30b7b53a3f43aacb7ee2eac261fee06"
  },
  "/Users/murat/react-hooks-in-action/src/components/Bookables/BookablesPage.js": {
    "path": "/Users/murat/react-hooks-in-action/src/components/Bookables/BookablesPage.js",
    "statementMap": {
      "0": {
        "start": {
          "line": 8,
          "column": 22
        },
        "end": {
          "line": 8,
          "column": 59
        }
      },
      "1": {
        "start": {
          "line": 8,
          "column": 33
        },
        "end": {
          "line": 8,
          "column": 58
        }
      },
      "2": {
        "start": {
          "line": 9,
          "column": 21
        },
        "end": {
          "line": 9,
          "column": 57
        }
      },
      "3": {
        "start": {
          "line": 9,
          "column": 32
        },
        "end": {
          "line": 9,
          "column": 56
        }
      },
      "4": {
        "start": {
          "line": 10,
          "column": 20
        },
        "end": {
          "line": 10,
          "column": 55
        }
      },
      "5": {
        "start": {
          "line": 10,
          "column": 31
        },
        "end": {
          "line": 10,
          "column": 54
        }
      },
      "6": {
        "start": {
          "line": 19,
          "column": 2
        },
        "end": {
          "line": 42,
          "column": 3
        }
      }
    },
    "fnMap": {
      "0": {
        "name": "(anonymous_0)",
        "decl": {
          "start": {
            "line": 8,
            "column": 27
          },
          "end": {
            "line": 8,
            "column": 28
          }
        },
        "loc": {
          "start": {
            "line": 8,
            "column": 33
          },
          "end": {
            "line": 8,
            "column": 58
          }
        },
        "line": 8
      },
      "1": {
        "name": "(anonymous_1)",
        "decl": {
          "start": {
            "line": 9,
            "column": 26
          },
          "end": {
            "line": 9,
            "column": 27
          }
        },
        "loc": {
          "start": {
            "line": 9,
            "column": 32
          },
          "end": {
            "line": 9,
            "column": 56
          }
        },
        "line": 9
      },
      "2": {
        "name": "(anonymous_2)",
        "decl": {
          "start": {
            "line": 10,
            "column": 25
          },
          "end": {
            "line": 10,
            "column": 26
          }
        },
        "loc": {
          "start": {
            "line": 10,
            "column": 31
          },
          "end": {
            "line": 10,
            "column": 54
          }
        },
        "line": 10
      },
      "3": {
        "name": "BookablesPage",
        "decl": {
          "start": {
            "line": 18,
            "column": 24
          },
          "end": {
            "line": 18,
            "column": 37
          }
        },
        "loc": {
          "start": {
            "line": 18,
            "column": 40
          },
          "end": {
            "line": 43,
            "column": 1
          }
        },
        "line": 18
      }
    },
    "branchMap": {},
    "s": {
      "0": 18,
      "1": 14,
      "2": 18,
      "3": 5,
      "4": 18,
      "5": 1,
      "6": 33
    },
    "f": {
      "0": 14,
      "1": 5,
      "2": 1,
      "3": 33
    },
    "b": {},
    "_coverageSchema": "1a1c01bbd47fc00a2c39e90264f33305004495a9",
    "hash": "517f118f861feb9cdb21d1690e3ee0ddb86d33b9"
  },
  "/Users/murat/react-hooks-in-action/src/utils/real-modulus.js": {
    "path": "/Users/murat/react-hooks-in-action/src/utils/real-modulus.js",
    "statementMap": {
      "0": {
        "start": {
          "line": 2,
          "column": 12
        },
        "end": {
          "line": 2,
          "column": 39
        }
      },
      "1": {
        "start": {
          "line": 2,
          "column": 22
        },
        "end": {
          "line": 2,
          "column": 39
        }
      }
    },
    "fnMap": {
      "0": {
        "name": "(anonymous_0)",
        "decl": {
          "start": {
            "line": 2,
            "column": 12
          },
          "end": {
            "line": 2,
            "column": 13
          }
        },
        "loc": {
          "start": {
            "line": 2,
            "column": 22
          },
          "end": {
            "line": 2,
            "column": 39
          }
        },
        "line": 2
      }
    },
    "branchMap": {},
    "s": {
      "0": 16,
      "1": 8
    },
    "f": {
      "0": 8
    },
    "b": {},
    "_coverageSchema": "1a1c01bbd47fc00a2c39e90264f33305004495a9",
    "hash": "afc30e0e9de8080ab392e0d73bd92b598232c56b"
  },
  "/Users/murat/react-hooks-in-action/src/components/Bookables/BookablesList.js": {
    "path": "/Users/murat/react-hooks-in-action/src/components/Bookables/BookablesList.js",
    "statementMap": {
      "0": {
        "start": {
          "line": 8,
          "column": 16
        },
        "end": {
          "line": 8,
          "column": 31
        }
      },
      "1": {
        "start": {
          "line": 9,
          "column": 27
        },
        "end": {
          "line": 9,
          "column": 69
        }
      },
      "2": {
        "start": {
          "line": 9,
          "column": 51
        },
        "end": {
          "line": 9,
          "column": 68
        }
      },
      "3": {
        "start": {
          "line": 10,
          "column": 17
        },
        "end": {
          "line": 10,
          "column": 60
        }
      },
      "4": {
        "start": {
          "line": 10,
          "column": 50
        },
        "end": {
          "line": 10,
          "column": 57
        }
      },
      "5": {
        "start": {
          "line": 14,
          "column": 19
        },
        "end": {
          "line": 14,
          "column": 32
        }
      },
      "6": {
        "start": {
          "line": 41,
          "column": 37
        },
        "end": {
          "line": 43,
          "column": 5
        }
      },
      "7": {
        "start": {
          "line": 42,
          "column": 13
        },
        "end": {
          "line": 42,
          "column": 43
        }
      },
      "8": {
        "start": {
          "line": 54,
          "column": 4
        },
        "end": {
          "line": 54,
          "column": 59
        }
      },
      "9": {
        "start": {
          "line": 61,
          "column": 23
        },
        "end": {
          "line": 67,
          "column": 52
        }
      },
      "10": {
        "start": {
          "line": 62,
          "column": 14
        },
        "end": {
          "line": 62,
          "column": 48
        }
      },
      "11": {
        "start": {
          "line": 63,
          "column": 22
        },
        "end": {
          "line": 63,
          "column": 55
        }
      },
      "12": {
        "start": {
          "line": 64,
          "column": 25
        },
        "end": {
          "line": 64,
          "column": 52
        }
      },
      "13": {
        "start": {
          "line": 66,
          "column": 4
        },
        "end": {
          "line": 66,
          "column": 44
        }
      },
      "14": {
        "start": {
          "line": 79,
          "column": 19
        },
        "end": {
          "line": 79,
          "column": 31
        }
      },
      "15": {
        "start": {
          "line": 82,
          "column": 27
        },
        "end": {
          "line": 82,
          "column": 64
        }
      },
      "16": {
        "start": {
          "line": 82,
          "column": 33
        },
        "end": {
          "line": 82,
          "column": 64
        }
      },
      "17": {
        "start": {
          "line": 83,
          "column": 2
        },
        "end": {
          "line": 90,
          "column": 20
        }
      },
      "18": {
        "start": {
          "line": 86,
          "column": 4
        },
        "end": {
          "line": 86,
          "column": 62
        }
      },
      "19": {
        "start": {
          "line": 86,
          "column": 41
        },
        "end": {
          "line": 86,
          "column": 55
        }
      },
      "20": {
        "start": {
          "line": 89,
          "column": 4
        },
        "end": {
          "line": 89,
          "column": 27
        }
      },
      "21": {
        "start": {
          "line": 93,
          "column": 27
        },
        "end": {
          "line": 99,
          "column": 52
        }
      },
      "22": {
        "start": {
          "line": 94,
          "column": 14
        },
        "end": {
          "line": 94,
          "column": 48
        }
      },
      "23": {
        "start": {
          "line": 95,
          "column": 22
        },
        "end": {
          "line": 95,
          "column": 57
        }
      },
      "24": {
        "start": {
          "line": 96,
          "column": 25
        },
        "end": {
          "line": 96,
          "column": 52
        }
      },
      "25": {
        "start": {
          "line": 98,
          "column": 4
        },
        "end": {
          "line": 98,
          "column": 44
        }
      },
      "26": {
        "start": {
          "line": 101,
          "column": 2
        },
        "end": {
          "line": 160,
          "column": 3
        }
      },
      "27": {
        "start": {
          "line": 109,
          "column": 10
        },
        "end": {
          "line": 111,
          "column": 19
        }
      },
      "28": {
        "start": {
          "line": 117,
          "column": 10
        },
        "end": {
          "line": 125,
          "column": 15
        }
      }
    },
    "fnMap": {
      "0": {
        "name": "BookablesList",
        "decl": {
          "start": {
            "line": 7,
            "column": 24
          },
          "end": {
            "line": 7,
            "column": 37
          }
        },
        "loc": {
          "start": {
            "line": 7,
            "column": 71
          },
          "end": {
            "line": 161,
            "column": 1
          }
        },
        "line": 7
      },
      "1": {
        "name": "(anonymous_1)",
        "decl": {
          "start": {
            "line": 9,
            "column": 44
          },
          "end": {
            "line": 9,
            "column": 45
          }
        },
        "loc": {
          "start": {
            "line": 9,
            "column": 51
          },
          "end": {
            "line": 9,
            "column": 68
          }
        },
        "line": 9
      },
      "2": {
        "name": "(anonymous_2)",
        "decl": {
          "start": {
            "line": 10,
            "column": 43
          },
          "end": {
            "line": 10,
            "column": 44
          }
        },
        "loc": {
          "start": {
            "line": 10,
            "column": 50
          },
          "end": {
            "line": 10,
            "column": 57
          }
        },
        "line": 10
      },
      "3": {
        "name": "changeGroup",
        "decl": {
          "start": {
            "line": 40,
            "column": 11
          },
          "end": {
            "line": 40,
            "column": 22
          }
        },
        "loc": {
          "start": {
            "line": 40,
            "column": 30
          },
          "end": {
            "line": 55,
            "column": 3
          }
        },
        "line": 40
      },
      "4": {
        "name": "(anonymous_4)",
        "decl": {
          "start": {
            "line": 42,
            "column": 6
          },
          "end": {
            "line": 42,
            "column": 7
          }
        },
        "loc": {
          "start": {
            "line": 42,
            "column": 13
          },
          "end": {
            "line": 42,
            "column": 43
          }
        },
        "line": 42
      },
      "5": {
        "name": "(anonymous_5)",
        "decl": {
          "start": {
            "line": 61,
            "column": 35
          },
          "end": {
            "line": 61,
            "column": 36
          }
        },
        "loc": {
          "start": {
            "line": 61,
            "column": 41
          },
          "end": {
            "line": 67,
            "column": 3
          }
        },
        "line": 61
      },
      "6": {
        "name": "(anonymous_6)",
        "decl": {
          "start": {
            "line": 82,
            "column": 27
          },
          "end": {
            "line": 82,
            "column": 28
          }
        },
        "loc": {
          "start": {
            "line": 82,
            "column": 33
          },
          "end": {
            "line": 82,
            "column": 64
          }
        },
        "line": 82
      },
      "7": {
        "name": "(anonymous_7)",
        "decl": {
          "start": {
            "line": 83,
            "column": 12
          },
          "end": {
            "line": 83,
            "column": 13
          }
        },
        "loc": {
          "start": {
            "line": 83,
            "column": 18
          },
          "end": {
            "line": 90,
            "column": 3
          }
        },
        "line": 83
      },
      "8": {
        "name": "(anonymous_8)",
        "decl": {
          "start": {
            "line": 86,
            "column": 35
          },
          "end": {
            "line": 86,
            "column": 36
          }
        },
        "loc": {
          "start": {
            "line": 86,
            "column": 41
          },
          "end": {
            "line": 86,
            "column": 55
          }
        },
        "line": 86
      },
      "9": {
        "name": "(anonymous_9)",
        "decl": {
          "start": {
            "line": 93,
            "column": 39
          },
          "end": {
            "line": 93,
            "column": 40
          }
        },
        "loc": {
          "start": {
            "line": 93,
            "column": 45
          },
          "end": {
            "line": 99,
            "column": 3
          }
        },
        "line": 93
      },
      "10": {
        "name": "(anonymous_10)",
        "decl": {
          "start": {
            "line": 108,
            "column": 20
          },
          "end": {
            "line": 108,
            "column": 21
          }
        },
        "loc": {
          "start": {
            "line": 109,
            "column": 10
          },
          "end": {
            "line": 111,
            "column": 19
          }
        },
        "line": 109
      },
      "11": {
        "name": "(anonymous_11)",
        "decl": {
          "start": {
            "line": 116,
            "column": 30
          },
          "end": {
            "line": 116,
            "column": 31
          }
        },
        "loc": {
          "start": {
            "line": 117,
            "column": 10
          },
          "end": {
            "line": 125,
            "column": 15
          }
        },
        "line": 117
      }
    },
    "branchMap": {
      "0": {
        "loc": {
          "start": {
            "line": 120,
            "column": 23
          },
          "end": {
            "line": 120,
            "column": 63
          }
        },
        "type": "cond-expr",
        "locations": [
          {
            "start": {
              "line": 120,
              "column": 46
            },
            "end": {
              "line": 120,
              "column": 56
            }
          },
          {
            "start": {
              "line": 120,
              "column": 59
            },
            "end": {
              "line": 120,
              "column": 63
            }
          }
        ],
        "line": 120
      }
    },
    "s": {
      "0": 71,
      "1": 71,
      "2": 432,
      "3": 71,
      "4": 432,
      "5": 71,
      "6": 7,
      "7": 42,
      "8": 7,
      "9": 71,
      "10": 19,
      "11": 19,
      "12": 19,
      "13": 19,
      "14": 71,
      "15": 71,
      "16": 58,
      "17": 71,
      "18": 71,
      "19": 8,
      "20": 71,
      "21": 71,
      "22": 8,
      "23": 8,
      "24": 8,
      "25": 8,
      "26": 71,
      "27": 148,
      "28": 270
    },
    "f": {
      "0": 71,
      "1": 432,
      "2": 432,
      "3": 7,
      "4": 42,
      "5": 19,
      "6": 58,
      "7": 71,
      "8": 8,
      "9": 8,
      "10": 148,
      "11": 270
    },
    "b": {
      "0": [
        71,
        199
      ]
    },
    "_coverageSchema": "1a1c01bbd47fc00a2c39e90264f33305004495a9",
    "hash": "3bc3a1021d1774705d7ba3e53cf6dca6abade475"
  },
  "/Users/murat/react-hooks-in-action/src/components/Bookables/BookableDetails.js": {
    "path": "/Users/murat/react-hooks-in-action/src/components/Bookables/BookableDetails.js",
    "statementMap": {
      "0": {
        "start": {
          "line": 42,
          "column": 38
        },
        "end": {
          "line": 42,
          "column": 52
        }
      },
      "1": {
        "start": {
          "line": 61,
          "column": 4
        },
        "end": {
          "line": 61,
          "column": 32
        }
      },
      "2": {
        "start": {
          "line": 61,
          "column": 27
        },
        "end": {
          "line": 61,
          "column": 31
        }
      },
      "3": {
        "start": {
          "line": 64,
          "column": 2
        },
        "end": {
          "line": 110,
          "column": 10
        }
      },
      "4": {
        "start": {
          "line": 98,
          "column": 16
        },
        "end": {
          "line": 98,
          "column": 42
        }
      },
      "5": {
        "start": {
          "line": 103,
          "column": 16
        },
        "end": {
          "line": 103,
          "column": 46
        }
      }
    },
    "fnMap": {
      "0": {
        "name": "BookableDetails",
        "decl": {
          "start": {
            "line": 26,
            "column": 24
          },
          "end": {
            "line": 26,
            "column": 39
          }
        },
        "loc": {
          "start": {
            "line": 26,
            "column": 54
          },
          "end": {
            "line": 112,
            "column": 1
          }
        },
        "line": 26
      },
      "1": {
        "name": "toggleDetails",
        "decl": {
          "start": {
            "line": 60,
            "column": 11
          },
          "end": {
            "line": 60,
            "column": 24
          }
        },
        "loc": {
          "start": {
            "line": 60,
            "column": 27
          },
          "end": {
            "line": 62,
            "column": 3
          }
        },
        "line": 60
      },
      "2": {
        "name": "(anonymous_2)",
        "decl": {
          "start": {
            "line": 61,
            "column": 18
          },
          "end": {
            "line": 61,
            "column": 19
          }
        },
        "loc": {
          "start": {
            "line": 61,
            "column": 27
          },
          "end": {
            "line": 61,
            "column": 31
          }
        },
        "line": 61
      },
      "3": {
        "name": "(anonymous_3)",
        "decl": {
          "start": {
            "line": 97,
            "column": 41
          },
          "end": {
            "line": 97,
            "column": 42
          }
        },
        "loc": {
          "start": {
            "line": 98,
            "column": 16
          },
          "end": {
            "line": 98,
            "column": 42
          }
        },
        "line": 98
      },
      "4": {
        "name": "(anonymous_4)",
        "decl": {
          "start": {
            "line": 102,
            "column": 38
          },
          "end": {
            "line": 102,
            "column": 39
          }
        },
        "loc": {
          "start": {
            "line": 103,
            "column": 16
          },
          "end": {
            "line": 103,
            "column": 46
          }
        },
        "line": 103
      }
    },
    "branchMap": {
      "0": {
        "loc": {
          "start": {
            "line": 64,
            "column": 9
          },
          "end": {
            "line": 110,
            "column": 10
          }
        },
        "type": "cond-expr",
        "locations": [
          {
            "start": {
              "line": 65,
              "column": 4
            },
            "end": {
              "line": 109,
              "column": 10
            }
          },
          {
            "start": {
              "line": 110,
              "column": 6
            },
            "end": {
              "line": 110,
              "column": 10
            }
          }
        ],
        "line": 64
      },
      "1": {
        "loc": {
          "start": {
            "line": 92,
            "column": 7
          },
          "end": {
            "line": 108,
            "column": 7
          }
        },
        "type": "binary-expr",
        "locations": [
          {
            "start": {
              "line": 92,
              "column": 7
            },
            "end": {
              "line": 92,
              "column": 17
            }
          },
          {
            "start": {
              "line": 93,
              "column": 8
            },
            "end": {
              "line": 107,
              "column": 14
            }
          }
        ],
        "line": 92
      }
    },
    "s": {
      "0": 68,
      "1": 0,
      "2": 0,
      "3": 68,
      "4": 390,
      "5": 222
    },
    "f": {
      "0": 68,
      "1": 0,
      "2": 0,
      "3": 390,
      "4": 222
    },
    "b": {
      "0": [
        68,
        0
      ],
      "1": [
        68,
        68
      ]
    },
    "_coverageSchema": "1a1c01bbd47fc00a2c39e90264f33305004495a9",
    "hash": "8795f51de6131851e8b5c4e8544cf75cae13e2f1"
  },
  "/Users/murat/react-hooks-in-action/src/components/Bookables/BookablesView.js": {
    "path": "/Users/murat/react-hooks-in-action/src/components/Bookables/BookablesView.js",
    "statementMap": {
      "0": {
        "start": {
          "line": 29,
          "column": 35
        },
        "end": {
          "line": 35,
          "column": 3
        }
      },
      "1": {
        "start": {
          "line": 31,
          "column": 10
        },
        "end": {
          "line": 31,
          "column": 52
        }
      },
      "2": {
        "start": {
          "line": 57,
          "column": 17
        },
        "end": {
          "line": 57,
          "column": 28
        }
      },
      "3": {
        "start": {
          "line": 60,
          "column": 4
        },
        "end": {
          "line": 60,
          "column": 68
        }
      },
      "4": {
        "start": {
          "line": 60,
          "column": 26
        },
        "end": {
          "line": 60,
          "column": 51
        }
      },
      "5": {
        "start": {
          "line": 99,
          "column": 2
        },
        "end": {
          "line": 118,
          "column": 3
        }
      },
      "6": {
        "start": {
          "line": 105,
          "column": 26
        },
        "end": {
          "line": 105,
          "column": 44
        }
      }
    },
    "fnMap": {
      "0": {
        "name": "BookablesView",
        "decl": {
          "start": {
            "line": 11,
            "column": 24
          },
          "end": {
            "line": 11,
            "column": 37
          }
        },
        "loc": {
          "start": {
            "line": 11,
            "column": 40
          },
          "end": {
            "line": 119,
            "column": 1
          }
        },
        "line": 11
      },
      "1": {
        "name": "(anonymous_1)",
        "decl": {
          "start": {
            "line": 31,
            "column": 4
          },
          "end": {
            "line": 31,
            "column": 5
          }
        },
        "loc": {
          "start": {
            "line": 31,
            "column": 10
          },
          "end": {
            "line": 31,
            "column": 52
          }
        },
        "line": 31
      },
      "2": {
        "name": "(anonymous_2)",
        "decl": {
          "start": {
            "line": 60,
            "column": 19
          },
          "end": {
            "line": 60,
            "column": 20
          }
        },
        "loc": {
          "start": {
            "line": 60,
            "column": 26
          },
          "end": {
            "line": 60,
            "column": 51
          }
        },
        "line": 60
      },
      "3": {
        "name": "(anonymous_3)",
        "decl": {
          "start": {
            "line": 105,
            "column": 18
          },
          "end": {
            "line": 105,
            "column": 19
          }
        },
        "loc": {
          "start": {
            "line": 105,
            "column": 26
          },
          "end": {
            "line": 105,
            "column": 44
          }
        },
        "line": 105
      }
    },
    "branchMap": {
      "0": {
        "loc": {
          "start": {
            "line": 29,
            "column": 16
          },
          "end": {
            "line": 29,
            "column": 30
          }
        },
        "type": "default-arg",
        "locations": [
          {
            "start": {
              "line": 29,
              "column": 28
            },
            "end": {
              "line": 29,
              "column": 30
            }
          }
        ],
        "line": 29
      },
      "1": {
        "loc": {
          "start": {
            "line": 60,
            "column": 4
          },
          "end": {
            "line": 60,
            "column": 68
          }
        },
        "type": "binary-expr",
        "locations": [
          {
            "start": {
              "line": 60,
              "column": 4
            },
            "end": {
              "line": 60,
              "column": 52
            }
          },
          {
            "start": {
              "line": 60,
              "column": 56
            },
            "end": {
              "line": 60,
              "column": 68
            }
          }
        ],
        "line": 60
      }
    },
    "s": {
      "0": 82,
      "1": 12,
      "2": 68,
      "3": 68,
      "4": 236,
      "5": 68,
      "6": 292
    },
    "f": {
      "0": 82,
      "1": 12,
      "2": 236,
      "3": 292
    },
    "b": {
      "0": [
        0
      ],
      "1": [
        68,
        16
      ]
    },
    "_coverageSchema": "1a1c01bbd47fc00a2c39e90264f33305004495a9",
    "hash": "13e00367ad8cc75865c4a5190ed80083c371d04e"
  },
  "/Users/murat/react-hooks-in-action/src/components/Bookables/useFormState.js": {
    "path": "/Users/murat/react-hooks-in-action/src/components/Bookables/useFormState.js",
    "statementMap": {
      "0": {
        "start": {
          "line": 4,
          "column": 28
        },
        "end": {
          "line": 4,
          "column": 42
        }
      },
      "1": {
        "start": {
          "line": 6,
          "column": 2
        },
        "end": {
          "line": 10,
          "column": 12
        }
      },
      "2": {
        "start": {
          "line": 7,
          "column": 4
        },
        "end": {
          "line": 9,
          "column": 5
        }
      },
      "3": {
        "start": {
          "line": 8,
          "column": 6
        },
        "end": {
          "line": 8,
          "column": 20
        }
      },
      "4": {
        "start": {
          "line": 13,
          "column": 4
        },
        "end": {
          "line": 16,
          "column": 6
        }
      },
      "5": {
        "start": {
          "line": 20,
          "column": 37
        },
        "end": {
          "line": 20,
          "column": 45
        }
      },
      "6": {
        "start": {
          "line": 21,
          "column": 19
        },
        "end": {
          "line": 21,
          "column": 39
        }
      },
      "7": {
        "start": {
          "line": 22,
          "column": 21
        },
        "end": {
          "line": 22,
          "column": 40
        }
      },
      "8": {
        "start": {
          "line": 24,
          "column": 4
        },
        "end": {
          "line": 24,
          "column": 27
        }
      },
      "9": {
        "start": {
          "line": 25,
          "column": 4
        },
        "end": {
          "line": 25,
          "column": 37
        }
      },
      "10": {
        "start": {
          "line": 25,
          "column": 17
        },
        "end": {
          "line": 25,
          "column": 37
        }
      },
      "11": {
        "start": {
          "line": 27,
          "column": 4
        },
        "end": {
          "line": 30,
          "column": 6
        }
      },
      "12": {
        "start": {
          "line": 33,
          "column": 2
        },
        "end": {
          "line": 37,
          "column": 3
        }
      }
    },
    "fnMap": {
      "0": {
        "name": "useFormState",
        "decl": {
          "start": {
            "line": 3,
            "column": 24
          },
          "end": {
            "line": 3,
            "column": 36
          }
        },
        "loc": {
          "start": {
            "line": 3,
            "column": 43
          },
          "end": {
            "line": 38,
            "column": 1
          }
        },
        "line": 3
      },
      "1": {
        "name": "(anonymous_1)",
        "decl": {
          "start": {
            "line": 6,
            "column": 12
          },
          "end": {
            "line": 6,
            "column": 13
          }
        },
        "loc": {
          "start": {
            "line": 6,
            "column": 18
          },
          "end": {
            "line": 10,
            "column": 3
          }
        },
        "line": 6
      },
      "2": {
        "name": "handleChange",
        "decl": {
          "start": {
            "line": 12,
            "column": 11
          },
          "end": {
            "line": 12,
            "column": 23
          }
        },
        "loc": {
          "start": {
            "line": 12,
            "column": 27
          },
          "end": {
            "line": 17,
            "column": 3
          }
        },
        "line": 12
      },
      "3": {
        "name": "handleChecked",
        "decl": {
          "start": {
            "line": 19,
            "column": 11
          },
          "end": {
            "line": 19,
            "column": 24
          }
        },
        "loc": {
          "start": {
            "line": 19,
            "column": 28
          },
          "end": {
            "line": 31,
            "column": 3
          }
        },
        "line": 19
      }
    },
    "branchMap": {
      "0": {
        "loc": {
          "start": {
            "line": 7,
            "column": 4
          },
          "end": {
            "line": 9,
            "column": 5
          }
        },
        "type": "if",
        "locations": [
          {
            "start": {
              "line": 7,
              "column": 4
            },
            "end": {
              "line": 9,
              "column": 5
            }
          },
          {
            "start": {
              "line": 7,
              "column": 4
            },
            "end": {
              "line": 9,
              "column": 5
            }
          }
        ],
        "line": 7
      },
      "1": {
        "loc": {
          "start": {
            "line": 25,
            "column": 4
          },
          "end": {
            "line": 25,
            "column": 37
          }
        },
        "type": "if",
        "locations": [
          {
            "start": {
              "line": 25,
              "column": 4
            },
            "end": {
              "line": 25,
              "column": 37
            }
          },
          {
            "start": {
              "line": 25,
              "column": 4
            },
            "end": {
              "line": 25,
              "column": 37
            }
          }
        ],
        "line": 25
      }
    },
    "s": {
      "0": 540,
      "1": 540,
      "2": 14,
      "3": 6,
      "4": 515,
      "5": 2,
      "6": 2,
      "7": 2,
      "8": 2,
      "9": 2,
      "10": 2,
      "11": 2,
      "12": 540
    },
    "f": {
      "0": 540,
      "1": 14,
      "2": 515,
      "3": 2
    },
    "b": {
      "0": [
        6,
        8
      ],
      "1": [
        2,
        0
      ]
    },
    "_coverageSchema": "1a1c01bbd47fc00a2c39e90264f33305004495a9",
    "hash": "b823957f5fcdc051a00c38dfc9be03caa02a1689"
  },
  "/Users/murat/react-hooks-in-action/src/components/Bookables/BookableForm.js": {
    "path": "/Users/murat/react-hooks-in-action/src/components/Bookables/BookableForm.js",
    "statementMap": {
      "0": {
        "start": {
          "line": 11,
          "column": 54
        },
        "end": {
          "line": 11,
          "column": 63
        }
      },
      "1": {
        "start": {
          "line": 12,
          "column": 49
        },
        "end": {
          "line": 12,
          "column": 54
        }
      },
      "2": {
        "start": {
          "line": 13,
          "column": 39
        },
        "end": {
          "line": 13,
          "column": 44
        }
      },
      "3": {
        "start": {
          "line": 17,
          "column": 2
        },
        "end": {
          "line": 102,
          "column": 3
        }
      },
      "4": {
        "start": {
          "line": 42,
          "column": 14
        },
        "end": {
          "line": 54,
          "column": 19
        }
      },
      "5": {
        "start": {
          "line": 60,
          "column": 14
        },
        "end": {
          "line": 72,
          "column": 19
        }
      }
    },
    "fnMap": {
      "0": {
        "name": "BookableForm",
        "decl": {
          "start": {
            "line": 6,
            "column": 24
          },
          "end": {
            "line": 6,
            "column": 36
          }
        },
        "loc": {
          "start": {
            "line": 10,
            "column": 3
          },
          "end": {
            "line": 103,
            "column": 1
          }
        },
        "line": 10
      },
      "1": {
        "name": "(anonymous_1)",
        "decl": {
          "start": {
            "line": 41,
            "column": 27
          },
          "end": {
            "line": 41,
            "column": 28
          }
        },
        "loc": {
          "start": {
            "line": 42,
            "column": 14
          },
          "end": {
            "line": 54,
            "column": 19
          }
        },
        "line": 42
      },
      "2": {
        "name": "(anonymous_2)",
        "decl": {
          "start": {
            "line": 59,
            "column": 31
          },
          "end": {
            "line": 59,
            "column": 32
          }
        },
        "loc": {
          "start": {
            "line": 60,
            "column": 14
          },
          "end": {
            "line": 72,
            "column": 19
          }
        },
        "line": 60
      }
    },
    "branchMap": {
      "0": {
        "loc": {
          "start": {
            "line": 7,
            "column": 2
          },
          "end": {
            "line": 7,
            "column": 16
          }
        },
        "type": "default-arg",
        "locations": [
          {
            "start": {
              "line": 7,
              "column": 14
            },
            "end": {
              "line": 7,
              "column": 16
            }
          }
        ],
        "line": 7
      },
      "1": {
        "loc": {
          "start": {
            "line": 11,
            "column": 10
          },
          "end": {
            "line": 11,
            "column": 20
          }
        },
        "type": "default-arg",
        "locations": [
          {
            "start": {
              "line": 11,
              "column": 18
            },
            "end": {
              "line": 11,
              "column": 20
            }
          }
        ],
        "line": 11
      },
      "2": {
        "loc": {
          "start": {
            "line": 12,
            "column": 10
          },
          "end": {
            "line": 12,
            "column": 20
          }
        },
        "type": "default-arg",
        "locations": [
          {
            "start": {
              "line": 12,
              "column": 18
            },
            "end": {
              "line": 12,
              "column": 20
            }
          }
        ],
        "line": 12
      },
      "3": {
        "loc": {
          "start": {
            "line": 12,
            "column": 22
          },
          "end": {
            "line": 12,
            "column": 32
          }
        },
        "type": "default-arg",
        "locations": [
          {
            "start": {
              "line": 12,
              "column": 30
            },
            "end": {
              "line": 12,
              "column": 32
            }
          }
        ],
        "line": 12
      },
      "4": {
        "loc": {
          "start": {
            "line": 12,
            "column": 34
          },
          "end": {
            "line": 12,
            "column": 44
          }
        },
        "type": "default-arg",
        "locations": [
          {
            "start": {
              "line": 12,
              "column": 42
            },
            "end": {
              "line": 12,
              "column": 44
            }
          }
        ],
        "line": 12
      },
      "5": {
        "loc": {
          "start": {
            "line": 13,
            "column": 10
          },
          "end": {
            "line": 13,
            "column": 19
          }
        },
        "type": "default-arg",
        "locations": [
          {
            "start": {
              "line": 13,
              "column": 17
            },
            "end": {
              "line": 13,
              "column": 19
            }
          }
        ],
        "line": 13
      },
      "6": {
        "loc": {
          "start": {
            "line": 13,
            "column": 21
          },
          "end": {
            "line": 13,
            "column": 34
          }
        },
        "type": "default-arg",
        "locations": [
          {
            "start": {
              "line": 13,
              "column": 32
            },
            "end": {
              "line": 13,
              "column": 34
            }
          }
        ],
        "line": 13
      },
      "7": {
        "loc": {
          "start": {
            "line": 21,
            "column": 15
          },
          "end": {
            "line": 21,
            "column": 44
          }
        },
        "type": "cond-expr",
        "locations": [
          {
            "start": {
              "line": 21,
              "column": 30
            },
            "end": {
              "line": 21,
              "column": 36
            }
          },
          {
            "start": {
              "line": 21,
              "column": 39
            },
            "end": {
              "line": 21,
              "column": 44
            }
          }
        ],
        "line": 21
      },
      "8": {
        "loc": {
          "start": {
            "line": 79,
            "column": 9
          },
          "end": {
            "line": 87,
            "column": 9
          }
        },
        "type": "binary-expr",
        "locations": [
          {
            "start": {
              "line": 79,
              "column": 9
            },
            "end": {
              "line": 79,
              "column": 21
            }
          },
          {
            "start": {
              "line": 80,
              "column": 10
            },
            "end": {
              "line": 86,
              "column": 19
            }
          }
        ],
        "line": 79
      },
      "9": {
        "loc": {
          "start": {
            "line": 90,
            "column": 14
          },
          "end": {
            "line": 90,
            "column": 64
          }
        },
        "type": "cond-expr",
        "locations": [
          {
            "start": {
              "line": 90,
              "column": 25
            },
            "end": {
              "line": 90,
              "column": 49
            }
          },
          {
            "start": {
              "line": 90,
              "column": 52
            },
            "end": {
              "line": 90,
              "column": 64
            }
          }
        ],
        "line": 90
      }
    },
    "s": {
      "0": 528,
      "1": 528,
      "2": 528,
      "3": 528,
      "4": 3696,
      "5": 2640
    },
    "f": {
      "0": 528,
      "1": 3696,
      "2": 2640
    },
    "b": {
      "0": [
        0
      ],
      "1": [
        5
      ],
      "2": [
        15
      ],
      "3": [
        5
      ],
      "4": [
        25
      ],
      "5": [
        269
      ],
      "6": [
        270
      ],
      "7": [
        261,
        267
      ],
      "8": [
        528,
        261
      ],
      "9": [
        257,
        271
      ]
    },
    "_coverageSchema": "1a1c01bbd47fc00a2c39e90264f33305004495a9",
    "hash": "526fa34c81c1eea386df257a6b610d1c63ad405f"
  },
  "/Users/murat/react-hooks-in-action/src/components/Bookables/BookableNew.js": {
    "path": "/Users/murat/react-hooks-in-action/src/components/Bookables/BookableNew.js",
    "statementMap": {
      "0": {
        "start": {
          "line": 12,
          "column": 19
        },
        "end": {
          "line": 12,
          "column": 32
        }
      },
      "1": {
        "start": {
          "line": 13,
          "column": 20
        },
        "end": {
          "line": 13,
          "column": 34
        }
      },
      "2": {
        "start": {
          "line": 16,
          "column": 22
        },
        "end": {
          "line": 16,
          "column": 38
        }
      },
      "3": {
        "start": {
          "line": 29,
          "column": 6
        },
        "end": {
          "line": 45,
          "column": 3
        }
      },
      "4": {
        "start": {
          "line": 30,
          "column": 14
        },
        "end": {
          "line": 30,
          "column": 65
        }
      },
      "5": {
        "start": {
          "line": 36,
          "column": 8
        },
        "end": {
          "line": 39,
          "column": 10
        }
      },
      "6": {
        "start": {
          "line": 36,
          "column": 55
        },
        "end": {
          "line": 39,
          "column": 9
        }
      },
      "7": {
        "start": {
          "line": 42,
          "column": 8
        },
        "end": {
          "line": 42,
          "column": 52
        }
      },
      "8": {
        "start": {
          "line": 48,
          "column": 4
        },
        "end": {
          "line": 48,
          "column": 31
        }
      },
      "9": {
        "start": {
          "line": 49,
          "column": 4
        },
        "end": {
          "line": 49,
          "column": 42
        }
      },
      "10": {
        "start": {
          "line": 52,
          "column": 2
        },
        "end": {
          "line": 54,
          "column": 3
        }
      },
      "11": {
        "start": {
          "line": 53,
          "column": 4
        },
        "end": {
          "line": 53,
          "column": 49
        }
      },
      "12": {
        "start": {
          "line": 56,
          "column": 2
        },
        "end": {
          "line": 58,
          "column": 3
        }
      },
      "13": {
        "start": {
          "line": 57,
          "column": 4
        },
        "end": {
          "line": 57,
          "column": 26
        }
      },
      "14": {
        "start": {
          "line": 60,
          "column": 2
        },
        "end": {
          "line": 66,
          "column": 3
        }
      }
    },
    "fnMap": {
      "0": {
        "name": "BookableNew",
        "decl": {
          "start": {
            "line": 10,
            "column": 24
          },
          "end": {
            "line": 10,
            "column": 35
          }
        },
        "loc": {
          "start": {
            "line": 10,
            "column": 38
          },
          "end": {
            "line": 67,
            "column": 1
          }
        },
        "line": 10
      },
      "1": {
        "name": "(anonymous_1)",
        "decl": {
          "start": {
            "line": 30,
            "column": 4
          },
          "end": {
            "line": 30,
            "column": 5
          }
        },
        "loc": {
          "start": {
            "line": 30,
            "column": 14
          },
          "end": {
            "line": 30,
            "column": 65
          }
        },
        "line": 30
      },
      "2": {
        "name": "(anonymous_2)",
        "decl": {
          "start": {
            "line": 33,
            "column": 17
          },
          "end": {
            "line": 33,
            "column": 18
          }
        },
        "loc": {
          "start": {
            "line": 33,
            "column": 31
          },
          "end": {
            "line": 43,
            "column": 7
          }
        },
        "line": 33
      },
      "3": {
        "name": "(anonymous_3)",
        "decl": {
          "start": {
            "line": 36,
            "column": 46
          },
          "end": {
            "line": 36,
            "column": 47
          }
        },
        "loc": {
          "start": {
            "line": 36,
            "column": 55
          },
          "end": {
            "line": 39,
            "column": 9
          }
        },
        "line": 36
      },
      "4": {
        "name": "handleSubmit",
        "decl": {
          "start": {
            "line": 47,
            "column": 11
          },
          "end": {
            "line": 47,
            "column": 23
          }
        },
        "loc": {
          "start": {
            "line": 47,
            "column": 26
          },
          "end": {
            "line": 50,
            "column": 3
          }
        },
        "line": 47
      }
    },
    "branchMap": {
      "0": {
        "loc": {
          "start": {
            "line": 37,
            "column": 14
          },
          "end": {
            "line": 37,
            "column": 23
          }
        },
        "type": "binary-expr",
        "locations": [
          {
            "start": {
              "line": 37,
              "column": 14
            },
            "end": {
              "line": 37,
              "column": 17
            }
          },
          {
            "start": {
              "line": 37,
              "column": 21
            },
            "end": {
              "line": 37,
              "column": 23
            }
          }
        ],
        "line": 37
      },
      "1": {
        "loc": {
          "start": {
            "line": 52,
            "column": 2
          },
          "end": {
            "line": 54,
            "column": 3
          }
        },
        "type": "if",
        "locations": [
          {
            "start": {
              "line": 52,
              "column": 2
            },
            "end": {
              "line": 54,
              "column": 3
            }
          },
          {
            "start": {
              "line": 52,
              "column": 2
            },
            "end": {
              "line": 54,
              "column": 3
            }
          }
        ],
        "line": 52
      },
      "2": {
        "loc": {
          "start": {
            "line": 56,
            "column": 2
          },
          "end": {
            "line": 58,
            "column": 3
          }
        },
        "type": "if",
        "locations": [
          {
            "start": {
              "line": 56,
              "column": 2
            },
            "end": {
              "line": 58,
[...]
        "start": {
          "line": 83,
          "column": 4
        },
        "end": {
          "line": 83,
          "column": 59
        }
      },
      "13": {
        "start": {
          "line": 98,
          "column": 2
        },
        "end": {
          "line": 135,
          "column": 3
        }
      },
      "14": {
        "start": {
          "line": 102,
          "column": 10
        },
        "end": {
          "line": 110,
          "column": 15
        }
      },
      "15": {
        "start": {
          "line": 107,
          "column": 51
        },
        "end": {
          "line": 107,
          "column": 61
        }
      }
    },
    "fnMap": {
      "0": {
        "name": "UsersList",
        "decl": {
          "start": {
            "line": 8,
            "column": 24
          },
          "end": {
            "line": 8,
            "column": 33
          }
        },
        "loc": {
          "start": {
            "line": 8,
            "column": 53
          },
          "end": {
            "line": 136,
            "column": 1
          }
        },
        "line": 8
      },
      "1": {
        "name": "(anonymous_1)",
        "decl": {
          "start": {
            "line": 27,
            "column": 24
          },
          "end": {
            "line": 27,
            "column": 25
          }
        },
        "loc": {
          "start": {
            "line": 27,
            "column": 30
          },
          "end": {
            "line": 27,
            "column": 68
          }
        },
        "line": 27
      },
      "2": {
        "name": "(anonymous_2)",
        "decl": {
          "start": {
            "line": 31,
            "column": 45
          },
          "end": {
            "line": 31,
            "column": 46
          }
        },
        "loc": {
          "start": {
            "line": 31,
            "column": 51
          },
          "end": {
            "line": 31,
            "column": 62
          }
        },
        "line": 31
      },
      "3": {
        "name": "(anonymous_3)",
        "decl": {
          "start": {
            "line": 75,
            "column": 21
          },
          "end": {
            "line": 75,
            "column": 22
          }
        },
        "loc": {
          "start": {
            "line": 75,
            "column": 27
          },
          "end": {
            "line": 78,
            "column": 3
          }
        },
        "line": 75
      },
      "4": {
        "name": "(anonymous_4)",
        "decl": {
          "start": {
            "line": 76,
            "column": 17
          },
          "end": {
            "line": 76,
            "column": 18
          }
        },
        "loc": {
          "start": {
            "line": 76,
            "column": 32
          },
          "end": {
            "line": 76,
            "column": 64
          }
        },
        "line": 76
      },
      "5": {
        "name": "(anonymous_5)",
        "decl": {
          "start": {
            "line": 80,
            "column": 25
          },
          "end": {
            "line": 80,
            "column": 26
          }
        },
        "loc": {
          "start": {
            "line": 80,
            "column": 31
          },
          "end": {
            "line": 84,
            "column": 3
          }
        },
        "line": 80
      },
      "6": {
        "name": "(anonymous_6)",
        "decl": {
          "start": {
            "line": 81,
            "column": 17
          },
          "end": {
            "line": 81,
            "column": 18
          }
        },
        "loc": {
          "start": {
            "line": 81,
            "column": 32
          },
          "end": {
            "line": 81,
            "column": 64
          }
        },
        "line": 81
      },
      "7": {
        "name": "(anonymous_7)",
        "decl": {
          "start": {
            "line": 101,
            "column": 19
          },
          "end": {
            "line": 101,
            "column": 20
          }
        },
        "loc": {
          "start": {
            "line": 102,
            "column": 10
          },
          "end": {
            "line": 110,
            "column": 15
          }
        },
        "line": 102
      },
      "8": {
        "name": "(anonymous_8)",
        "decl": {
          "start": {
            "line": 107,
            "column": 45
          },
          "end": {
            "line": 107,
            "column": 46
          }
        },
        "loc": {
          "start": {
            "line": 107,
            "column": 51
          },
          "end": {
            "line": 107,
            "column": 61
          }
        },
        "line": 107
      }
    },
    "branchMap": {
      "0": {
        "loc": {
          "start": {
            "line": 24,
            "column": 10
          },
          "end": {
            "line": 24,
            "column": 20
          }
        },
        "type": "default-arg",
        "locations": [
          {
            "start": {
              "line": 24,
              "column": 18
            },
            "end": {
              "line": 24,
              "column": 20
            }
          }
        ],
        "line": 24
      },
      "1": {
        "loc": {
          "start": {
            "line": 105,
            "column": 23
          },
          "end": {
            "line": 105,
            "column": 60
          }
        },
        "type": "cond-expr",
        "locations": [
          {
            "start": {
              "line": 105,
              "column": 43
            },
            "end": {
              "line": 105,
              "column": 53
            }
          },
          {
            "start": {
              "line": 105,
              "column": 56
            },
            "end": {
              "line": 105,
              "column": 60
            }
          }
        ],
        "line": 105
      }
    },
    "s": {
      "0": 2,
      "1": 0,
      "2": 2,
      "3": 2,
      "4": 2,
      "5": 0,
      "6": 0,
      "7": 0,
      "8": 2,
      "9": 0,
      "10": 0,
      "11": 0,
      "12": 0,
      "13": 2,
      "14": 8,
      "15": 0
    },
    "f": {
      "0": 2,
      "1": 0,
      "2": 2,
      "3": 0,
      "4": 0,
      "5": 0,
      "6": 0,
      "7": 8,
      "8": 0
    },
    "b": {
      "0": [
        0
      ],
      "1": [
        2,
        6
      ]
    },
    "_coverageSchema": "1a1c01bbd47fc00a2c39e90264f33305004495a9",
    "hash": "a1d1254a3b74faebf134387009848bcae10a8b67"
  },
  "/Users/murat/react-hooks-in-action/src/components/Users/Avatar.js": {
    "path": "/Users/murat/react-hooks-in-action/src/components/Users/Avatar.js",
    "statementMap": {
      "0": {
        "start": {
          "line": 6,
          "column": 2
        },
        "end": {
          "line": 12,
          "column": 3
        }
      },
      "1": {
        "start": {
          "line": 18,
          "column": 30
        },
        "end": {
          "line": 29,
          "column": 3
        }
      },
      "2": {
        "start": {
          "line": 23,
          "column": 6
        },
        "end": {
          "line": 27,
          "column": 8
        }
      },
      "3": {
        "start": {
          "line": 24,
          "column": 20
        },
        "end": {
          "line": 24,
          "column": 31
        }
      },
      "4": {
        "start": {
          "line": 25,
          "column": 8
        },
        "end": {
          "line": 25,
          "column": 39
        }
      },
      "5": {
        "start": {
          "line": 25,
          "column": 27
        },
        "end": {
          "line": 25,
          "column": 39
        }
      },
      "6": {
        "start": {
          "line": 26,
          "column": 8
        },
        "end": {
          "line": 26,
          "column": 21
        }
      },
      "7": {
        "start": {
          "line": 31,
          "column": 2
        },
        "end": {
          "line": 31,
          "column": 57
        }
      }
    },
    "fnMap": {
      "0": {
        "name": "Avatar",
        "decl": {
          "start": {
            "line": 5,
            "column": 24
          },
          "end": {
            "line": 5,
            "column": 30
          }
        },
        "loc": {
          "start": {
            "line": 5,
            "column": 68
          },
          "end": {
            "line": 13,
            "column": 1
          }
        },
        "line": 5
      },
      "1": {
        "name": "Img",
        "decl": {
          "start": {
            "line": 16,
            "column": 9
          },
          "end": {
            "line": 16,
            "column": 12
          }
        },
        "loc": {
          "start": {
            "line": 16,
            "column": 37
          },
          "end": {
            "line": 32,
            "column": 1
          }
        },
        "line": 16
      },
      "2": {
        "name": "(anonymous_2)",
        "decl": {
          "start": {
            "line": 21,
            "column": 4
          },
          "end": {
            "line": 21,
            "column": 5
          }
        },
        "loc": {
          "start": {
            "line": 23,
            "column": 6
          },
          "end": {
            "line": 27,
            "column": 8
          }
        },
        "line": 23
      },
      "3": {
        "name": "(anonymous_3)",
        "decl": {
          "start": {
            "line": 23,
            "column": 18
          },
          "end": {
            "line": 23,
            "column": 19
          }
        },
        "loc": {
          "start": {
            "line": 23,
            "column": 31
          },
          "end": {
            "line": 27,
            "column": 7
          }
        },
        "line": 23
      },
      "4": {
        "name": "(anonymous_4)",
        "decl": {
          "start": {
            "line": 25,
            "column": 21
          },
          "end": {
            "line": 25,
            "column": 22
          }
        },
        "loc": {
          "start": {
            "line": 25,
            "column": 27
          },
          "end": {
            "line": 25,
            "column": 39
          }
        },
        "line": 25
      }
    },
    "branchMap": {},
    "s": {
      "0": 2,
      "1": 3,
      "2": 2,
      "3": 2,
      "4": 2,
      "5": 1,
      "6": 2,
      "7": 1
    },
    "f": {
      "0": 2,
      "1": 3,
      "2": 2,
      "3": 2,
      "4": 1
    },
    "b": {},
    "_coverageSchema": "1a1c01bbd47fc00a2c39e90264f33305004495a9",
    "hash": "a0ffa85f254217ba82c46e7c4a6c08d5ee9362b8"
  },
  "/Users/murat/react-hooks-in-action/src/components/Users/UserDetails.js": {
    "path": "/Users/murat/react-hooks-in-action/src/components/Users/UserDetails.js",
    "statementMap": {
      "0": {
        "start": {
          "line": 10,
          "column": 25
        },
        "end": {
          "line": 14,
          "column": 3
        }
      },
      "1": {
        "start": {
          "line": 12,
          "column": 10
        },
        "end": {
          "line": 12,
          "column": 58
        }
      },
      "2": {
        "start": {
          "line": 16,
          "column": 2
        },
        "end": {
          "line": 33,
          "column": 3
        }
      }
    },
    "fnMap": {
      "0": {
        "name": "UserDetails",
        "decl": {
          "start": {
            "line": 6,
            "column": 24
          },
          "end": {
            "line": 6,
            "column": 35
          }
        },
        "loc": {
          "start": {
            "line": 6,
            "column": 48
          },
          "end": {
            "line": 34,
            "column": 1
          }
        },
        "line": 6
      },
      "1": {
        "name": "(anonymous_1)",
        "decl": {
          "start": {
            "line": 12,
            "column": 4
          },
          "end": {
            "line": 12,
            "column": 5
          }
        },
        "loc": {
          "start": {
            "line": 12,
            "column": 10
          },
          "end": {
            "line": 12,
            "column": 58
          }
        },
        "line": 12
      }
    },
    "branchMap": {},
    "s": {
      "0": 4,
      "1": 2,
      "2": 2
    },
    "f": {
      "0": 4,
      "1": 2
    },
    "b": {},
    "_coverageSchema": "1a1c01bbd47fc00a2c39e90264f33305004495a9",
    "hash": "19d3778c23e88b3480373c96c1ab4cf01b9c4de6"
  },
  "/Users/murat/react-hooks-in-action/src/components/Users/UsersPage.js": {
    "path": "/Users/murat/react-hooks-in-action/src/components/Users/UsersPage.js",
    "statementMap": {
      "0": {
        "start": {
          "line": 14,
          "column": 25
        },
        "end": {
          "line": 14,
          "column": 34
        }
      },
      "1": {
        "start": {
          "line": 15,
          "column": 42
        },
        "end": {
          "line": 15,
          "column": 56
        }
      },
      "2": {
        "start": {
          "line": 21,
          "column": 15
        },
        "end": {
          "line": 21,
          "column": 43
        }
      },
      "3": {
        "start": {
          "line": 24,
          "column": 22
        },
        "end": {
          "line": 24,
          "column": 38
        }
      },
      "4": {
        "start": {
          "line": 27,
          "column": 4
        },
        "end": {
          "line": 27,
          "column": 29
        }
      },
      "5": {
        "start": {
          "line": 29,
          "column": 4
        },
        "end": {
          "line": 31,
          "column": 5
        }
      },
      "6": {
        "start": {
          "line": 30,
          "column": 6
        },
        "end": {
          "line": 30,
          "column": 59
        }
      },
      "7": {
        "start": {
          "line": 34,
          "column": 4
        },
        "end": {
          "line": 42,
          "column": 5
        }
      },
      "8": {
        "start": {
          "line": 37,
          "column": 8
        },
        "end": {
          "line": 41,
          "column": 10
        }
      },
      "9": {
        "start": {
          "line": 38,
          "column": 22
        },
        "end": {
          "line": 38,
          "column": 33
        }
      },
      "10": {
        "start": {
          "line": 39,
          "column": 10
        },
        "end": {
          "line": 39,
          "column": 41
        }
      },
      "11": {
        "start": {
          "line": 39,
          "column": 29
        },
        "end": {
          "line": 39,
          "column": 41
        }
      },
      "12": {
        "start": {
          "line": 40,
          "column": 10
        },
        "end": {
          "line": 40,
          "column": 63
        }
      },
      "13": {
        "start": {
          "line": 48,
          "column": 2
        },
        "end": {
          "line": 59,
          "column": 3
        }
      }
    },
    "fnMap": {
      "0": {
        "name": "UsersPage",
        "decl": {
          "start": {
            "line": 9,
            "column": 24
          },
          "end": {
            "line": 9,
            "column": 33
          }
        },
        "loc": {
          "start": {
            "line": 9,
            "column": 36
          },
          "end": {
            "line": 60,
            "column": 1
          }
        },
        "line": 9
      },
      "1": {
        "name": "switchUser",
        "decl": {
          "start": {
            "line": 26,
            "column": 11
          },
          "end": {
            "line": 26,
            "column": 21
          }
        },
        "loc": {
          "start": {
            "line": 26,
            "column": 32
          },
          "end": {
            "line": 43,
            "column": 3
          }
        },
        "line": 26
      },
      "2": {
        "name": "(anonymous_2)",
        "decl": {
          "start": {
            "line": 29,
            "column": 53
          },
          "end": {
            "line": 29,
            "column": 54
          }
        },
        "loc": {
          "start": {
            "line": 30,
            "column": 6
          },
          "end": {
            "line": 30,
            "column": 59
          }
        },
        "line": 30
      },
      "3": {
        "name": "(anonymous_3)",
        "decl": {
          "start": {
            "line": 36,
            "column": 6
          },
          "end": {
            "line": 36,
            "column": 7
          }
        },
        "loc": {
          "start": {
            "line": 37,
            "column": 8
          },
          "end": {
            "line": 41,
            "column": 10
          }
        },
        "line": 37
      },
      "4": {
        "name": "(anonymous_4)",
        "decl": {
          "start": {
            "line": 37,
            "column": 20
          },
          "end": {
            "line": 37,
            "column": 21
          }
        },
        "loc": {
          "start": {
            "line": 37,
            "column": 33
          },
          "end": {
            "line": 41,
            "column": 9
          }
        },
        "line": 37
      },
      "5": {
        "name": "(anonymous_5)",
        "decl": {
          "start": {
            "line": 39,
            "column": 23
          },
          "end": {
            "line": 39,
            "column": 24
          }
        },
        "loc": {
          "start": {
            "line": 39,
            "column": 29
          },
          "end": {
            "line": 39,
            "column": 41
          }
        },
        "line": 39
      }
    },
    "branchMap": {
      "0": {
        "loc": {
          "start": {
            "line": 21,
            "column": 15
          },
          "end": {
            "line": 21,
            "column": 43
          }
        },
        "type": "binary-expr",
        "locations": [
          {
            "start": {
              "line": 21,
              "column": 15
            },
            "end": {
              "line": 21,
              "column": 27
            }
          },
          {
            "start": {
              "line": 21,
              "column": 31
            },
            "end": {
              "line": 21,
              "column": 43
            }
          }
        ],
        "line": 21
      },
      "1": {
        "loc": {
          "start": {
            "line": 48,
            "column": 9
          },
          "end": {
            "line": 59,
            "column": 3
          }
        },
        "type": "cond-expr",
        "locations": [
          {
            "start": {
              "line": 49,
              "column": 4
            },
            "end": {
              "line": 56,
              "column": 11
            }
          },
          {
            "start": {
              "line": 58,
              "column": 4
            },
            "end": {
              "line": 58,
              "column": 19
            }
          }
        ],
        "line": 48
      }
    },
    "s": {
      "0": 2,
      "1": 2,
      "2": 2,
      "3": 2,
      "4": 0,
      "5": 0,
      "6": 0,
      "7": 0,
      "8": 0,
      "9": 0,
      "10": 0,
      "11": 0,
      "12": 0,
      "13": 2
    },
    "f": {
      "0": 2,
      "1": 0,
      "2": 0,
      "3": 0,
      "4": 0,
      "5": 0
    },
    "b": {
      "0": [
        2,
        2
      ],
      "1": [
        2,
        0
      ]
    },
    "_coverageSchema": "1a1c01bbd47fc00a2c39e90264f33305004495a9",
    "hash": "b937a5dfa4c2a37b468c080da0372ad9f12b56b1"
  }
}